FILE_TYPE=LIBRARY_PARTS;
PRIMITIVE 'FA_T220_51E';
  PIN
    '1':
      PIN_NUMBER='(1)';
      NO_LOAD_CHECK=BOTH;
      NO_IO_CHECK=BOTH;
      ALLOW_CONNECT=TRUE;
      PINUSE='UNSPEC';
    '2':
      PIN_NUMBER='(2)';
      NO_LOAD_CHECK=BOTH;
      NO_IO_CHECK=BOTH;
      ALLOW_CONNECT=TRUE;
      PINUSE='UNSPEC';
  END_PIN;
  BODY
    PART_NAME='FA_T220_51E';
    PHYS_DES_PREFIX='H';
    NO_LOAD_CHECK='TRUE';
    PIN_COUNT='2';
    BODY_NAME='FA_T220_51E';
    JEDEC_TYPE='FAT22051E';
  END_BODY;
END_PRIMITIVE;
END.
